-------------------------------------------------------------------------------
Test set: com.karabulut.javapracticespringdockermysql.JavaPracticeSpringDockerMysqlApplicationTests
-------------------------------------------------------------------------------
Tests run: 1, Failures: 0, Errors: 1, Skipped: 0, Time elapsed: 0.843 s <<< FAILURE! - in com.karabulut.javapracticespringdockermysql.JavaPracticeSpringDockerMysqlApplicationTests
contextLoads  Time elapsed: 0.004 s  <<< ERROR!
java.lang.IllegalStateException: Failed to load ApplicationContext for [WebMergedContextConfiguration@7b351446 testClass = com.karabulut.javapracticespringdockermysql.JavaPracticeSpringDockerMysqlApplicationTests, locations = [], classes = [com.karabulut.javapracticespringdockermysql.JavaPracticeSpringDockerMysqlApplication], contextInitializerClasses = [], activeProfiles = [], propertySourceLocations = [], propertySourceProperties = ["org.springframework.boot.test.context.SpringBootTestContextBootstrapper=true"], contextCustomizers = [org.springframework.boot.test.context.filter.ExcludeFilterContextCustomizer@27e47833, org.springframework.boot.test.json.DuplicateJsonObjectContextCustomizerFactory$DuplicateJsonObjectContextCustomizer@1e4d3ce5, org.springframework.boot.test.mock.mockito.MockitoContextCustomizer@0, org.springframework.boot.test.web.client.TestRestTemplateContextCustomizer@518caac3, org.springframework.boot.test.autoconfigure.actuate.observability.ObservabilityContextCustomizerFactory$DisableObservabilityContextCustomizer@9da1, org.springframework.boot.test.autoconfigure.properties.PropertyMappingContextCustomizer@0, org.springframework.boot.test.autoconfigure.web.servlet.WebDriverContextCustomizerFactory$Customizer@2609b277, org.springframework.boot.test.context.SpringBootTestAnnotation@d65e590b], resourceBasePath = "src/main/webapp", contextLoader = org.springframework.boot.test.context.SpringBootContextLoader, parent = null]
Caused by: org.springframework.beans.factory.BeanCreationException: Error creating bean with name 'entityManagerFactory' defined in class path resource [org/springframework/boot/autoconfigure/orm/jpa/HibernateJpaConfiguration.class]: Unable to resolve name [org.springframework.boot.orm.jpa.hibernate.SpringPhysicalNamingStrategy] as strategy [org.hibernate.boot.model.naming.PhysicalNamingStrategy]
Caused by: org.hibernate.boot.registry.selector.spi.StrategySelectionException: Unable to resolve name [org.springframework.boot.orm.jpa.hibernate.SpringPhysicalNamingStrategy] as strategy [org.hibernate.boot.model.naming.PhysicalNamingStrategy]
Caused by: org.hibernate.boot.registry.classloading.spi.ClassLoadingException: Unable to load class [org.springframework.boot.orm.jpa.hibernate.SpringPhysicalNamingStrategy]
Caused by: java.lang.ClassNotFoundException: Could not load requested class : org.springframework.boot.orm.jpa.hibernate.SpringPhysicalNamingStrategy

